{"G:\\DISK 2\\_Work\\_Sandbox\\ALTA-BE-JS-BATCH1\\testing-js\\problem1.js": {"path":"G:\\DISK 2\\_Work\\_Sandbox\\ALTA-BE-JS-BATCH1\\testing-js\\problem1.js","statementMap":{"0":{"start":{"line":2,"column":22},"end":{"line":2,"column":62}},"1":{"start":{"line":2,"column":56},"end":{"line":2,"column":61}},"2":{"start":{"line":3,"column":22},"end":{"line":3,"column":64}},"3":{"start":{"line":3,"column":58},"end":{"line":3,"column":63}},"4":{"start":{"line":4,"column":20},"end":{"line":4,"column":21}},"5":{"start":{"line":6,"column":2},"end":{"line":17,"column":3}},"6":{"start":{"line":6,"column":15},"end":{"line":6,"column":16}},"7":{"start":{"line":7,"column":4},"end":{"line":9,"column":5}},"8":{"start":{"line":8,"column":6},"end":{"line":8,"column":15}},"9":{"start":{"line":11,"column":4},"end":{"line":11,"column":24}},"10":{"start":{"line":12,"column":4},"end":{"line":12,"column":34}},"11":{"start":{"line":14,"column":4},"end":{"line":16,"column":5}},"12":{"start":{"line":15,"column":6},"end":{"line":15,"column":25}},"13":{"start":{"line":19,"column":2},"end":{"line":19,"column":23}},"14":{"start":{"line":22,"column":0},"end":{"line":22,"column":34}}},"fnMap":{"0":{"name":"dragonOfLoowater","decl":{"start":{"line":1,"column":9},"end":{"line":1,"column":25}},"loc":{"start":{"line":1,"column":52},"end":{"line":20,"column":1}},"line":1},"1":{"name":"(anonymous_1)","decl":{"start":{"line":2,"column":46},"end":{"line":2,"column":47}},"loc":{"start":{"line":2,"column":56},"end":{"line":2,"column":61}},"line":2},"2":{"name":"(anonymous_2)","decl":{"start":{"line":3,"column":48},"end":{"line":3,"column":49}},"loc":{"start":{"line":3,"column":58},"end":{"line":3,"column":63}},"line":3}},"branchMap":{"0":{"loc":{"start":{"line":7,"column":4},"end":{"line":9,"column":5}},"type":"if","locations":[{"start":{"line":7,"column":4},"end":{"line":9,"column":5}},{"start":{},"end":{}}],"line":7},"1":{"loc":{"start":{"line":14,"column":4},"end":{"line":16,"column":5}},"type":"if","locations":[{"start":{"line":14,"column":4},"end":{"line":16,"column":5}},{"start":{},"end":{}}],"line":14}},"s":{"0":4,"1":4,"2":4,"3":14,"4":4,"5":4,"6":4,"7":11,"8":5,"9":6,"10":6,"11":6,"12":2,"13":2,"14":1},"f":{"0":4,"1":4,"2":14},"b":{"0":[5,6],"1":[2,4]},"_coverageSchema":"1a1c01bbd47fc00a2c39e90264f33305004495a9","hash":"c1e071c05431b04a2609876b53a4fce9cba1367a"}
,"G:\\DISK 2\\_Work\\_Sandbox\\ALTA-BE-JS-BATCH1\\testing-js\\problem2.js": {"path":"G:\\DISK 2\\_Work\\_Sandbox\\ALTA-BE-JS-BATCH1\\testing-js\\problem2.js","statementMap":{"0":{"start":{"line":2,"column":2},"end":{"line":13,"column":3}},"1":{"start":{"line":2,"column":15},"end":{"line":2,"column":16}},"2":{"start":{"line":3,"column":4},"end":{"line":12,"column":5}},"3":{"start":{"line":3,"column":17},"end":{"line":3,"column":18}},"4":{"start":{"line":4,"column":6},"end":{"line":11,"column":7}},"5":{"start":{"line":4,"column":19},"end":{"line":4,"column":20}},"6":{"start":{"line":5,"column":26},"end":{"line":5,"column":41}},"7":{"start":{"line":6,"column":26},"end":{"line":6,"column":41}},"8":{"start":{"line":7,"column":26},"end":{"line":7,"column":56}},"9":{"start":{"line":8,"column":24},"end":{"line":8,"column":59}},"10":{"start":{"line":10,"column":8},"end":{"line":10,"column":45}},"11":{"start":{"line":10,"column":21},"end":{"line":10,"column":45}},"12":{"start":{"line":14,"column":2},"end":{"line":14,"column":23}},"13":{"start":{"line":17,"column":0},"end":{"line":17,"column":33}}},"fnMap":{"0":{"name":"simpleEquations","decl":{"start":{"line":1,"column":9},"end":{"line":1,"column":24}},"loc":{"start":{"line":1,"column":34},"end":{"line":15,"column":1}},"line":1}},"branchMap":{"0":{"loc":{"start":{"line":8,"column":24},"end":{"line":8,"column":59}},"type":"binary-expr","locations":[{"start":{"line":8,"column":24},"end":{"line":8,"column":33}},{"start":{"line":8,"column":37},"end":{"line":8,"column":46}},{"start":{"line":8,"column":50},"end":{"line":8,"column":59}}],"line":8},"1":{"loc":{"start":{"line":10,"column":8},"end":{"line":10,"column":45}},"type":"if","locations":[{"start":{"line":10,"column":8},"end":{"line":10,"column":45}},{"start":{},"end":{}}],"line":10}},"s":{"0":2,"1":2,"2":3,"3":3,"4":10,"5":10,"6":53,"7":53,"8":53,"9":53,"10":53,"11":1,"12":1,"13":1},"f":{"0":2},"b":{"0":[53,8,1],"1":[1,52]},"_coverageSchema":"1a1c01bbd47fc00a2c39e90264f33305004495a9","hash":"2366bf4861c3679992f2add7628cbc2b21cbbd8e"}
}
