TN:
SF:problem1.js
FN:1,dragonOfLoowater
FN:2,(anonymous_1)
FN:3,(anonymous_2)
FNF:3
FNH:3
FNDA:4,dragonOfLoowater
FNDA:4,(anonymous_1)
FNDA:14,(anonymous_2)
DA:2,4
DA:3,14
DA:4,4
DA:6,4
DA:7,11
DA:8,5
DA:11,6
DA:12,6
DA:14,6
DA:15,2
DA:19,2
DA:22,1
LF:12
LH:12
BRDA:7,0,0,5
BRDA:7,0,1,6
BRDA:14,1,0,2
BRDA:14,1,1,4
BRF:4
BRH:4
end_of_record
TN:
SF:problem2.js
FN:1,simpleEquations
FNF:1
FNH:1
FNDA:2,simpleEquations
DA:2,2
DA:3,3
DA:4,10
DA:5,53
DA:6,53
DA:7,53
DA:8,53
DA:10,53
DA:14,1
DA:17,1
LF:10
LH:10
BRDA:8,0,0,53
BRDA:8,0,1,8
BRDA:8,0,2,1
BRDA:10,1,0,1
BRDA:10,1,1,52
BRF:5
BRH:5
end_of_record
